0 info it worked if it ends with ok
1 verbose cli [ '/home/bobrinik/.nvm/versions/node/v7.5.0/bin/node',
1 verbose cli   '/home/bobrinik/.nvm/versions/node/v7.5.0/bin/npm',
1 verbose cli   'start' ]
2 info using npm@4.1.2
3 info using node@v7.5.0
4 verbose run-script [ 'prestart', 'start', 'poststart' ]
5 info lifecycle simpletodo@1.0.0~prestart: simpletodo@1.0.0
6 silly lifecycle simpletodo@1.0.0~prestart: no script for prestart, continuing
7 info lifecycle simpletodo@1.0.0~start: simpletodo@1.0.0
8 verbose lifecycle simpletodo@1.0.0~start: unsafe-perm in lifecycle true
9 verbose lifecycle simpletodo@1.0.0~start: PATH: /home/bobrinik/.nvm/versions/node/v7.5.0/lib/node_modules/npm/bin/node-gyp-bin:/home/bobrinik/Documents/_LEARNING/_JAVASCRIPT/simpleTODO/node_modules/.bin:/home/bobrinik/.nvm/versions/node/v7.5.0/bin:/home/bobrinik/bin:/home/bobrinik/.local/bin:/home/bobrinik/bin:/home/bobrinik/.local/bin:/usr/local/sbin:/usr/local/bin:/usr/sbin:/usr/bin:/sbin:/bin:/usr/games:/usr/local/games:/snap/bin:/home/bobrinik/Android/Sdk/tools:/home/bobrinik/Android/Sdk/platform-tools:/snap/bin:/home/bobrinik/Android/Sdk/tools:/home/bobrinik/Android/Sdk/platform-tools
10 verbose lifecycle simpletodo@1.0.0~start: CWD: /home/bobrinik/Documents/_LEARNING/_JAVASCRIPT/simpleTODO
11 silly lifecycle simpletodo@1.0.0~start: Args: [ '-c', 'babel-node ./buildScripts/server.js' ]
12 silly lifecycle simpletodo@1.0.0~start: Returned: code: 1  signal: null
13 info lifecycle simpletodo@1.0.0~start: Failed to exec start script
14 verbose stack Error: simpletodo@1.0.0 start: `babel-node ./buildScripts/server.js`
14 verbose stack Exit status 1
14 verbose stack     at EventEmitter.<anonymous> (/home/bobrinik/.nvm/versions/node/v7.5.0/lib/node_modules/npm/lib/utils/lifecycle.js:279:16)
14 verbose stack     at emitTwo (events.js:106:13)
14 verbose stack     at EventEmitter.emit (events.js:192:7)
14 verbose stack     at ChildProcess.<anonymous> (/home/bobrinik/.nvm/versions/node/v7.5.0/lib/node_modules/npm/lib/utils/spawn.js:40:14)
14 verbose stack     at emitTwo (events.js:106:13)
14 verbose stack     at ChildProcess.emit (events.js:192:7)
14 verbose stack     at maybeClose (internal/child_process.js:890:16)
14 verbose stack     at Process.ChildProcess._handle.onexit (internal/child_process.js:226:5)
15 verbose pkgid simpletodo@1.0.0
16 verbose cwd /home/bobrinik/Documents/_LEARNING/_JAVASCRIPT/simpleTODO
17 error Linux 4.4.0-97-generic
18 error argv "/home/bobrinik/.nvm/versions/node/v7.5.0/bin/node" "/home/bobrinik/.nvm/versions/node/v7.5.0/bin/npm" "start"
19 error node v7.5.0
20 error npm  v4.1.2
21 error code ELIFECYCLE
22 error simpletodo@1.0.0 start: `babel-node ./buildScripts/server.js`
22 error Exit status 1
23 error Failed at the simpletodo@1.0.0 start script 'babel-node ./buildScripts/server.js'.
23 error Make sure you have the latest version of node.js and npm installed.
23 error If you do, this is most likely a problem with the simpletodo package,
23 error not with npm itself.
23 error Tell the author that this fails on your system:
23 error     babel-node ./buildScripts/server.js
23 error You can get information on how to open an issue for this project with:
23 error     npm bugs simpletodo
23 error Or if that isn't available, you can get their info via:
23 error     npm owner ls simpletodo
23 error There is likely additional logging output above.
24 verbose exit [ 1, true ]
